__CFBundleIdentifier=com.apple.Terminal
TMPDIR=/var/folders/mm/7tvfnj1n4kjbgbjpd8rp3ypw0000gn/T/
XPC_FLAGS=0x0
LaunchInstanceID=3516A419-824F-46C6-A7B3-3AB3718855EE
TERM=xterm-256color
SSH_AUTH_SOCK=/private/tmp/com.apple.launchd.IZGXNWsH3O/Listeners
SECURITYSESSIONID=186a5
XPC_SERVICE_NAME=0
TERM_PROGRAM=Apple_Terminal
TERM_PROGRAM_VERSION=445
TERM_SESSION_ID=0AF4AB64-86C4-4D74-A63B-69EC7824901F
SHELL=/bin/zsh
HOME=/Users/navilan
LOGNAME=navilan
USER=navilan
PATH=/Users/navilan/.nix-profile/bin:/nix/var/nix/profiles/default/bin:/Users/navilan/.nix-profile/bin:/run/current-system/sw/bin:/nix/var/nix/profiles/default/bin:/usr/local/bin:/usr/bin:/usr/sbin:/bin:/sbin:/Users/navilan/Library/Application Support/JetBrains/Toolbox/scripts
SHLVL=1
PWD=/Users/navilan/.nixpkgs
OLDPWD=/Users/navilan
__ETC_ZSHENV_SOURCED=1
__NIX_DARWIN_SET_ENVIRONMENT_DONE=1
EDITOR=nano
NIX_PATH=darwin-config=/Users/navilan/.nixpkgs/darwin-configuration.nix:/nix/var/nix/profiles/per-user/root/channels:/Users/navilan/.nix-defexpr/channels
NIX_SSL_CERT_FILE=/etc/ssl/certs/ca-certificates.crt
PAGER=less -R
XDG_CONFIG_DIRS=/Users/navilan/.nix-profile/etc/xdg:/run/current-system/sw/etc/xdg:/nix/var/nix/profiles/default/etc/xdg
XDG_DATA_DIRS=/Users/navilan/.nix-profile/share:/run/current-system/sw/share:/nix/var/nix/profiles/default/share
NIX_USER_PROFILE_DIR=/nix/var/nix/profiles/per-user/navilan
NIX_PROFILES=/nix/var/nix/profiles/default /Users/navilan/.nix-profile
NIX_REMOTE=daemon
LC_CTYPE=UTF-8
_=/usr/bin/env
